========================== SD IP Core Testbench results ===========================
 
  ***************************************************************************************
  ***************************************************************************************
  Heading: access_to_reg                                                                                       
  ***************************************************************************************
  ***************************************************************************************
 
    *************************************************************************************
    At time:                 2591 
    Test: TEST 0: 32-BIT READ-WRITE REGISTERS ( VARIOUS BUS DELAYS )                                          
    *FAILED* because
    Register %h defaultvalue is not RSP                                                                                                                                                                                                                                                                                                                                                                                                                                                                                                                                                                                                                                                                                                                                                                                                                                                                                                                                                                                                     ;         76
    *************************************************************************************
 
  ***************************************************************************************
  ***************************************************************************************
  Heading: Send CMD                                                                                            
  ***************************************************************************************
  ***************************************************************************************
 
    *************************************************************************************
    At time:                 8077 
    Test: 0:  Send CMD, No Response                                                                           
    reported *SUCCESSFULL*! 
    *************************************************************************************
 
  ***************************************************************************************
  ***************************************************************************************
  Heading: access_to_reg                                                                                       
  ***************************************************************************************
  ***************************************************************************************
 
    *************************************************************************************
    At time:                52563 
    Test: 3.0:  Init Seq, No Response                                                                         
    *FAILED* because
    Error occured when sending CMD55 in TEST 3.0                                                                                                                                                                                                                                                                                                                                                                                                                                                                                                                                                                                                                                                                                                                                                                                                                                                                                                                                                                                            ;          x
    *************************************************************************************
 
    *************************************************************************************
    At time:                72947 
    Test: 3.0:  Init Seq, No Response                                                                         
    *FAILED* because
    Error occured when sending ACMD 41  in TEST 3.0                                                                                                                                                                                                                                                                                                                                                                                                                                                                                                                                                                                                                                                                                                                                                                                                                                                                                                                                                                                         ;          x
    *************************************************************************************
 
    *************************************************************************************
    At time:                93435 
    Test: 3.0:  Init Seq, No Response                                                                         
    *FAILED* because
    Error occured when sending CMD2 in TEST 3.0                                                                                                                                                                                                                                                                                                                                                                                                                                                                                                                                                                                                                                                                                                                                                                                                                                                                                                                                                                                             ;          x
    *************************************************************************************
 
    *************************************************************************************
    At time:               113923 
    Test: 3.0:  Init Seq, No Response                                                                         
    *FAILED* because
    Error occured when sending CMD2 in TEST 3.0                                                                                                                                                                                                                                                                                                                                                                                                                                                                                                                                                                                                                                                                                                                                                                                                                                                                                                                                                                                             ;          x
    *************************************************************************************
 
  ***************************************************************************************
  ***************************************************************************************
  Heading: access_to_reg                                                                                       
  ***************************************************************************************
  ***************************************************************************************
 
    *************************************************************************************
    At time:               158513 
    Test: 4.0:  Send data                                                                                     
    *FAILED* because
    Error occured when sending CMD55 in TEST 4.0                                                                                                                                                                                                                                                                                                                                                                                                                                                                                                                                                                                                                                                                                                                                                                                                                                                                                                                                                                                            ;          x
    *************************************************************************************
 
    *************************************************************************************
    At time:               178897 
    Test: 4.0:  Send data                                                                                     
    *FAILED* because
    Error occured when sending ACMD 41  in TEST 4.0                                                                                                                                                                                                                                                                                                                                                                                                                                                                                                                                                                                                                                                                                                                                                                                                                                                                                                                                                                                         ;          x
    *************************************************************************************
 
    *************************************************************************************
    At time:               199385 
    Test: 4.0:  Send data                                                                                     
    *FAILED* because
    Error occured when sending CMD2 in TEST 4.0                                                                                                                                                                                                                                                                                                                                                                                                                                                                                                                                                                                                                                                                                                                                                                                                                                                                                                                                                                                             ;          x
    *************************************************************************************
 
    *************************************************************************************
    At time:               219873 
    Test: 4.0:  Send data                                                                                     
    *FAILED* because
    Error occured when sending CMD2 in TEST 4.0                                                                                                                                                                                                                                                                                                                                                                                                                                                                                                                                                                                                                                                                                                                                                                                                                                                                                                                                                                                             ;          x
    *************************************************************************************
 
    *************************************************************************************
    At time:               240361 
    Test: 4.0:  Send data                                                                                     
    *FAILED* because
    Error occured when sending CMD7 in TEST 4.0                                                                                                                                                                                                                                                                                                                                                                                                                                                                                                                                                                                                                                                                                                                                                                                                                                                                                                                                                                                             ;          x
    *************************************************************************************
 
    *************************************************************************************
    At time:               260745 
    Test: 4.0:  Send data                                                                                     
    *FAILED* because
    Error occured when sending CMD55 in TEST 4.0                                                                                                                                                                                                                                                                                                                                                                                                                                                                                                                                                                                                                                                                                                                                                                                                                                                                                                                                                                                            ;          x
    *************************************************************************************
 
    *************************************************************************************
    At time:               281129 
    Test: 4.0:  Send data                                                                                     
    *FAILED* because
    Error occured when sending ACMD 6  in TEST 4.0                                                                                                                                                                                                                                                                                                                                                                                                                                                                                                                                                                                                                                                                                                                                                                                                                                                                                                                                                                                          ;          x
    *************************************************************************************
 
